[Sun Jul 13 15:10:01.655 2014] [ 3483] Child process 3484 has been forked
[Sun Jul 13 15:10:01.655 2014] [ 3484] listening on 127.0.0.1:9306
[Sun Jul 13 15:10:01.680 2014] [ 3484] accepting connections
[Mon Jul 14 00:18:54.413 2014] [ 3484] caught SIGTERM, shutting down
[Mon Jul 14 00:18:54.514 2014] [ 3484] shutdown complete
[Wed Jul 16 20:04:13.803 2014] [ 5590] Child process 5591 has been forked
[Wed Jul 16 20:04:13.803 2014] [ 5591] listening on 127.0.0.1:9306
[Wed Jul 16 20:04:13.900 2014] [ 5591] accepting connections
[Thu Jul 17 05:46:38.169 2014] [ 5591] caught SIGTERM, shutting down
[Thu Jul 17 05:46:38.227 2014] [ 5591] shutdown complete
[Sat Jul 19 16:38:54.898 2014] [ 4199] Child process 4200 has been forked
[Sat Jul 19 16:38:54.898 2014] [ 4200] listening on 127.0.0.1:9306
[Sat Jul 19 16:38:54.979 2014] [ 4200] accepting connections
[Sat Jul 19 17:37:17.923 2014] [ 4200] caught SIGTERM, shutting down
[Sat Jul 19 17:37:21.019 2014] [ 4200] shutdown complete
[Sat Jul 19 17:37:21.022 2014] [ 4199] Child process 4200 has been finished, exit code 0. Watchdog finishes also. Good bye!
[Sat Jul 19 17:37:21.159 2014] [ 7608] Child process 7609 has been forked
[Sat Jul 19 17:37:21.160 2014] [ 7609] listening on 127.0.0.1:9306
[Sat Jul 19 17:37:21.160 2014] [ 7609] accepting connections
[Sat Jul 19 17:37:22.290 2014] [ 7609] rotating indices (seamless=1)
[Sat Jul 19 17:37:22.290 2014] [ 7609] WARNING: INTERNAL ERROR: nothing to rotate after SIGHUP
[Sun Jul 20 00:37:31.675 2014] [ 7609] caught SIGTERM, shutting down
[Sun Jul 20 00:37:31.737 2014] [ 7609] shutdown complete
[Tue Jul 22 17:32:14.152 2014] [ 3538] Child process 3539 has been forked
[Tue Jul 22 17:32:14.153 2014] [ 3539] listening on 127.0.0.1:9306
[Tue Jul 22 17:32:14.264 2014] [ 3539] accepting connections
[Tue Jul 22 20:38:32.044 2014] [ 3539] caught SIGTERM, shutting down
[Tue Jul 22 20:38:32.198 2014] [ 3539] shutdown complete
[Tue Jul 22 22:30:59.632 2014] [ 3909] Child process 3910 has been forked
[Tue Jul 22 22:30:59.633 2014] [ 3910] listening on 127.0.0.1:9306
[Tue Jul 22 22:30:59.744 2014] [ 3910] accepting connections
[Wed Jul 23 04:22:49.714 2014] [ 3910] caught SIGTERM, shutting down
[Wed Jul 23 04:22:49.739 2014] [ 3910] shutdown complete
[Wed Jul 23 19:41:13.763 2014] [ 8193] Child process 8194 has been forked
[Wed Jul 23 19:41:13.764 2014] [ 8194] listening on 127.0.0.1:9306
[Wed Jul 23 19:41:13.848 2014] [ 8194] accepting connections
[Thu Jul 24 01:03:56.807 2014] [ 8194] caught SIGTERM, shutting down
[Thu Jul 24 01:03:56.980 2014] [ 8194] shutdown complete
[Thu Jul 24 18:07:51.659 2014] [ 4259] Child process 4260 has been forked
[Thu Jul 24 18:07:51.660 2014] [ 4260] listening on 127.0.0.1:9306
[Thu Jul 24 18:07:51.759 2014] [ 4260] accepting connections
[Thu Jul 24 20:09:56.116 2014] [ 6578] Child process 6579 has been forked
[Thu Jul 24 20:09:56.116 2014] [ 6579] listening on 127.0.0.1:9306
[Thu Jul 24 20:09:56.224 2014] [ 6579] binlog: replaying log /home/chirag/Git/EasyGift/tmp/binlog/development/binlog.001
[Thu Jul 24 20:09:56.233 2014] [ 6579] binlog: index gift_request_core: recovered from tid 51 to tid 54
[Thu Jul 24 20:09:56.233 2014] [ 6579] binlog: replay stats: 3 rows in 3 commits; 0 updates; 1 indexes
[Thu Jul 24 20:09:56.234 2014] [ 6579] binlog: finished replaying /home/chirag/Git/EasyGift/tmp/binlog/development/binlog.001; 0.0 MB in 0.000 sec
[Thu Jul 24 20:09:56.234 2014] [ 6579] binlog: finished replaying total 1 in 0.009 sec
[Thu Jul 24 20:09:56.234 2014] [ 6579] accepting connections
[Fri Jul 25 03:38:03.931 2014] [ 6579] caught SIGTERM, shutting down
[Fri Jul 25 03:38:04.009 2014] [ 6579] shutdown complete
[Fri Jul 25 16:24:16.264 2014] [ 6418] Child process 6419 has been forked
[Fri Jul 25 16:24:16.280 2014] [ 6419] listening on 127.0.0.1:9306
[Fri Jul 25 16:24:16.360 2014] [ 6419] accepting connections
[Fri Jul 25 16:34:50.272 2014] [ 6419] caught SIGTERM, shutting down
[Fri Jul 25 16:34:50.405 2014] [ 6419] shutdown complete
[Fri Jul 25 23:21:47.679 2014] [ 3402] Child process 3403 has been forked
[Fri Jul 25 23:21:47.679 2014] [ 3403] listening on 127.0.0.1:9306
[Fri Jul 25 23:21:47.769 2014] [ 3403] accepting connections
[Sat Jul 26 03:00:51.459 2014] [ 3403] caught SIGTERM, shutting down
[Sat Jul 26 03:00:51.526 2014] [ 3403] shutdown complete
[Sat Jul 26 16:01:54.408 2014] [ 4722] Child process 4723 has been forked
[Sat Jul 26 16:01:54.409 2014] [ 4723] listening on 127.0.0.1:9306
[Sat Jul 26 16:01:54.503 2014] [ 4723] accepting connections
[Sat Jul 26 19:50:32.071 2014] [ 4723] caught SIGTERM, shutting down
[Sat Jul 26 19:50:32.152 2014] [ 4723] shutdown complete
[Sat Jul 26 22:39:00.571 2014] [ 4015] Child process 4016 has been forked
[Sat Jul 26 22:39:00.572 2014] [ 4016] listening on 127.0.0.1:9306
[Sat Jul 26 22:39:00.678 2014] [ 4016] accepting connections
[Sun Jul 27 02:21:11.259 2014] [ 4016] caught SIGTERM, shutting down
[Sun Jul 27 02:21:11.352 2014] [ 4016] shutdown complete
[Mon Jul 28 04:13:24.418 2014] [11400] Child process 11401 has been forked
[Mon Jul 28 04:13:24.418 2014] [11401] listening on 127.0.0.1:9306
[Mon Jul 28 04:13:24.513 2014] [11401] accepting connections
[Mon Jul 28 04:21:22.560 2014] [11401] caught SIGTERM, shutting down
[Mon Jul 28 04:21:22.631 2014] [11401] shutdown complete
[Sat Aug  2 14:28:50.484 2014] [ 3958] Child process 3959 has been forked
[Sat Aug  2 14:28:50.484 2014] [ 3959] listening on 127.0.0.1:9306
[Sat Aug  2 14:28:50.586 2014] [ 3959] accepting connections
[Sat Aug  2 21:35:48.231 2014] [ 3959] caught SIGTERM, shutting down
[Sat Aug  2 21:35:48.365 2014] [ 3959] shutdown complete
[Sun Aug  3 19:55:03.654 2014] [ 4731] Child process 4732 has been forked
[Sun Aug  3 19:55:03.654 2014] [ 4732] listening on 127.0.0.1:9306
[Sun Aug  3 19:55:03.734 2014] [ 4732] accepting connections
[Sun Aug  3 22:34:05.357 2014] [ 4732] caught SIGTERM, shutting down
[Sun Aug  3 22:34:05.400 2014] [ 4732] shutdown complete
[Thu Aug  7 04:47:43.403 2014] [15294] Child process 15295 has been forked
[Thu Aug  7 04:47:43.403 2014] [15295] listening on 127.0.0.1:9306
[Thu Aug  7 04:47:43.570 2014] [15295] accepting connections
