[Sun Jul 13 16:17:31.408 2014] 0.033 sec [ext2/1/ext 0 (0,20)] [gift_request_core] apple
[Sun Jul 13 16:17:42.698 2014] 0.000 sec [ext2/1/ext 0 (0,20)] [gift_request_core] iphone
[Sun Jul 13 16:17:52.305 2014] 0.000 sec [ext2/1/ext 0 (0,20)] [gift_request_core] samsung
[Sun Jul 13 16:17:59.553 2014] 0.000 sec [ext2/1/ext 0 (0,20)] [gift_request_core] chirag
[Sat Jul 19 18:22:48.395 2014] 0.068 sec [ext2/1/ext 0 (0,20)] [gift_request_core] test
[Sat Jul 19 19:10:14.815 2014] 0.000 sec [ext2/1/ext 2 (0,20)] [gift_request_core] post
[Sat Jul 19 19:10:14.819 2014] 0.000 sec [ext2/2/ext 1 (0,20)] [gift_request_core] post
[Sat Jul 19 19:13:19.038 2014] 0.000 sec [ext2/1/ext 2 (0,20)] [gift_request_core] post
[Sat Jul 19 19:13:19.041 2014] 0.000 sec [ext2/2/ext 1 (0,20)] [gift_request_core] post
[Sat Jul 19 19:13:36.021 2014] 0.000 sec [ext2/1/ext 2 (0,20)] [gift_request_core] post
[Sat Jul 19 19:13:36.023 2014] 0.000 sec [ext2/2/ext 1 (0,20)] [gift_request_core] post
[Sat Jul 19 19:13:38.385 2014] 0.000 sec [ext2/1/ext 0 (0,20)] [gift_request_core] chiragarora
[Sat Jul 19 19:13:50.659 2014] 0.000 sec [ext2/1/ext 0 (0,20)] [gift_request_core] chiragarora
[Sat Jul 19 19:15:34.624 2014] 0.000 sec [ext2/1/ext 0 (0,20)] [gift_request_core] chiragarora
[Sat Jul 19 19:18:12.265 2014] 0.000 sec [ext2/1/ext 0 (0,20)] [gift_request_core] chiragarora
[Sat Jul 19 19:18:18.871 2014] 0.000 sec [ext2/1/ext 0 (0,20)] [gift_request_core] chiragarora
[Sat Jul 19 19:18:21.681 2014] 0.000 sec [ext2/1/ext 0 (0,20)] [gift_request_core] chiragarora
[Sat Jul 19 19:18:29.319 2014] 0.000 sec [ext2/1/ext 2 (0,20)] [gift_request_core] post
[Sat Jul 19 19:18:29.322 2014] 0.000 sec [ext2/2/ext 1 (0,20)] [gift_request_core] post
[Sat Jul 19 19:34:53.007 2014] 0.000 sec [ext2/1/ext 2 (0,20)] [gift_request_core] android
[Sat Jul 19 19:34:53.010 2014] 0.000 sec [ext2/2/ext 1 (0,20)] [gift_request_core] android
[Sat Jul 19 19:35:00.618 2014] 0.000 sec [ext2/1/ext 2 (0,20)] [gift_request_core] android
[Sat Jul 19 19:35:00.621 2014] 0.000 sec [ext2/2/ext 1 (0,20)] [gift_request_core] android
[Tue Jul 22 17:33:47.831 2014] 0.035 sec [ext2/1/ext 1 (0,20)] [gift_request_core] iphone
[Wed Jul 23 02:12:34.613 2014] 0.076 sec [ext2/1/ext 0 (0,20)] [gift_request_core] c
